#
# There is insufficient memory for the Java Runtime Environment to continue.
# Native memory allocation (malloc) failed to allocate 32744 bytes for ChunkPool::allocate
# Possible reasons:
#   The system is out of physical RAM or swap space
#   The process is running with CompressedOops enabled, and the Java Heap may be blocking the growth of the native heap
# Possible solutions:
#   Reduce memory load on the system
#   Increase physical memory or swap space
#   Check if swap backing store is full
#   Decrease Java heap size (-Xmx/-Xms)
#   Decrease number of Java threads
#   Decrease Java thread stack sizes (-Xss)
#   Set larger code cache with -XX:ReservedCodeCacheSize=
#   JVM is running with Unscaled Compressed Oops mode in which the Java heap is
#     placed in the first 4GB address space. The Java Heap base address is the
#     maximum limit for the native heap growth. Please use -XX:HeapBaseMinAddress
#     to set the Java Heap base and to place the Java Heap above 4GB virtual address.
# This output file may be truncated or incomplete.
#
#  Out of Memory Error (arena.cpp:78), pid=27764, tid=27384
#
# JRE version: Java(TM) SE Runtime Environment (17.0.9+11) (build 17.0.9+11-LTS-201)
# Java VM: Java HotSpot(TM) 64-Bit Server VM (17.0.9+11-LTS-201, mixed mode, sharing, tiered, compressed oops, compressed class ptrs, g1 gc, windows-amd64)
# No core dump will be written. Minidumps are not enabled by default on client versions of Windows
#

---------------  S U M M A R Y ------------

Command Line: -Dfile.encoding=UTF-8 --module-path=C:\Users\Aditi\Preparations\Project\Travel_management_system\Travel Management System\build\classes travel.management.system.Demo

Host: 12th Gen Intel(R) Core(TM) i5-1235U, 12 cores, 7G,  Windows 11 , 64 bit Build 22621 (10.0.22621.2428)
Time: Fri Jan 12 21:01:43 2024 India Standard Time elapsed time: 5.763416 seconds (0d 0h 0m 5s)

---------------  T H R E A D  ---------------

Current thread (0x000002206e8a0860):  JavaThread "C1 CompilerThread0" daemon [_thread_in_native, id=27384, stack(0x0000008784400000,0x0000008784500000)]


Current CompileTask:
C1:   5763  938   !   3       java.awt.EventDispatchThread::filterAndCheckEvent (108 bytes)

Stack: [0x0000008784400000,0x0000008784500000]
Native frames: (J=compiled Java code, j=interpreted, Vv=VM code, C=native code)
V  [jvm.dll+0x678a4a]
V  [jvm.dll+0x7d9cfd]
V  [jvm.dll+0x7db60e]
V  [jvm.dll+0x7dbc73]
V  [jvm.dll+0x245e1f]
V  [jvm.dll+0xaad50]
V  [jvm.dll+0xab09c]
V  [jvm.dll+0xb67bd]
V  [jvm.dll+0x15eeee]
V  [jvm.dll+0x16b1f8]
V  [jvm.dll+0x16b350]
V  [jvm.dll+0x160a41]
V  [jvm.dll+0x15d9de]
V  [jvm.dll+0x14bc20]
V  [jvm.dll+0x134d77]
V  [jvm.dll+0x13471f]
V  [jvm.dll+0x134958]
V  [jvm.dll+0x133df1]
V  [jvm.dll+0x135a8d]
V  [jvm.dll+0x2272de]
V  [jvm.dll+0x22548b]
V  [jvm.dll+0x78f58c]
V  [jvm.dll+0x78998a]
V  [jvm.dll+0x677875]
C  [ucrtbase.dll+0x29363]
C  [KERNEL32.DLL+0x1257d]
C  [ntdll.dll+0x5aa78]


---------------  P R O C E S S  ---------------

Threads class SMR info:
_java_thread_list=0x0000022073958c40, length=16, elements={
0x000002206e88bb50, 0x000002206e88c420, 0x000002206e89c770, 0x000002206e89d040,
0x000002206e89d910, 0x000002206e89f1f0, 0x000002206e89fea0, 0x000002206e8a0860,
0x000002206e8a1170, 0x000002206eaaf3e0, 0x000002206eb2d4c0, 0x000002206ed3bfe0,
0x000002206ed3f140, 0x000002206ed44440, 0x000002207391c570, 0x0000022073959020
}

Java Threads: ( => current thread )
  0x000002206e88bb50 JavaThread "Reference Handler" daemon [_thread_blocked, id=30676, stack(0x0000008783d00000,0x0000008783e00000)]
  0x000002206e88c420 JavaThread "Finalizer" daemon [_thread_blocked, id=21216, stack(0x0000008783e00000,0x0000008783f00000)]
  0x000002206e89c770 JavaThread "Signal Dispatcher" daemon [_thread_blocked, id=12432, stack(0x0000008783f00000,0x0000008784000000)]
  0x000002206e89d040 JavaThread "Attach Listener" daemon [_thread_blocked, id=28856, stack(0x0000008784000000,0x0000008784100000)]
  0x000002206e89d910 JavaThread "Service Thread" daemon [_thread_blocked, id=26912, stack(0x0000008784100000,0x0000008784200000)]
  0x000002206e89f1f0 JavaThread "Monitor Deflation Thread" daemon [_thread_blocked, id=30056, stack(0x0000008784200000,0x0000008784300000)]
  0x000002206e89fea0 JavaThread "C2 CompilerThread0" daemon [_thread_blocked, id=28120, stack(0x0000008784300000,0x0000008784400000)]
=>0x000002206e8a0860 JavaThread "C1 CompilerThread0" daemon [_thread_in_native, id=27384, stack(0x0000008784400000,0x0000008784500000)]
  0x000002206e8a1170 JavaThread "Sweeper thread" daemon [_thread_blocked, id=7900, stack(0x0000008784500000,0x0000008784600000)]
  0x000002206eaaf3e0 JavaThread "Common-Cleaner" daemon [_thread_blocked, id=11932, stack(0x0000008784600000,0x0000008784700000)]
  0x000002206eb2d4c0 JavaThread "Notification Thread" daemon [_thread_blocked, id=22400, stack(0x0000008784700000,0x0000008784800000)]
  0x000002206ed3bfe0 JavaThread "Java2D Disposer" daemon [_thread_blocked, id=19348, stack(0x0000008784900000,0x0000008784a00000)]
  0x000002206ed3f140 JavaThread "AWT-Shutdown" [_thread_blocked, id=28940, stack(0x0000008784a00000,0x0000008784b00000)]
  0x000002206ed44440 JavaThread "AWT-Windows" daemon [_thread_in_native, id=16360, stack(0x0000008784b00000,0x0000008784c00000)]
  0x000002207391c570 JavaThread "AWT-EventQueue-0" [_thread_in_vm, id=11464, stack(0x0000008784d00000,0x0000008784e00000)]
  0x0000022073959020 JavaThread "DestroyJavaVM" [_thread_blocked, id=17800, stack(0x0000008783600000,0x0000008783700000)]

Other Threads:
  0x000002206e886290 VMThread "VM Thread" [stack: 0x0000008783c00000,0x0000008783d00000] [id=24828]
  0x00000220505c79e0 WatcherThread [stack: 0x0000008784800000,0x0000008784900000] [id=16916]
  0x0000022050594f40 GCTaskThread "GC Thread#0" [stack: 0x0000008783700000,0x0000008783800000] [id=30524]
  0x00000220505a5280 ConcurrentGCThread "G1 Main Marker" [stack: 0x0000008783800000,0x0000008783900000] [id=24304]
  0x00000220505a7a50 ConcurrentGCThread "G1 Conc#0" [stack: 0x0000008783900000,0x0000008783a00000] [id=24704]
  0x000002206e7324b0 ConcurrentGCThread "G1 Refine#0" [stack: 0x0000008783a00000,0x0000008783b00000] [id=26948]
  0x000002206e732c90 ConcurrentGCThread "G1 Service" [stack: 0x0000008783b00000,0x0000008783c00000] [id=15444]

Threads with active compile tasks:
C1 CompilerThread0     5779  938   !   3       java.awt.EventDispatchThread::filterAndCheckEvent (108 bytes)

VM state: not at safepoint (normal execution)

VM Mutex/Monitor currently owned by a thread: None

Heap address: 0x0000000084e00000, size: 1970 MB, Compressed Oops mode: 32-bit

CDS archive(s) mapped at: [0x0000022000000000-0x0000022000bd0000-0x0000022000bd0000), size 12386304, SharedBaseAddress: 0x0000022000000000, ArchiveRelocationMode: 1.
Compressed class space mapped at: 0x0000022001000000-0x0000022041000000, reserved size: 1073741824
Narrow klass base: 0x0000022000000000, Narrow klass shift: 0, Narrow klass range: 0x100000000

GC Precious Log:
 CPUs: 12 total, 12 available
 Memory: 7876M
 Large Page Support: Disabled
 NUMA Support: Disabled
 Compressed Oops: Enabled (32-bit)
 Heap Region Size: 1M
 Heap Min Capacity: 8M
 Heap Initial Capacity: 124M
 Heap Max Capacity: 1970M
 Pre-touch: Disabled
 Parallel Workers: 10
 Concurrent Workers: 3
 Concurrent Refinement Workers: 10
 Periodic GC: Disabled

Heap:
 garbage-first heap   total 126976K, used 27648K [0x0000000084e00000, 0x0000000100000000)
  region size 1024K, 14 young (14336K), 0 survivors (0K)
 Metaspace       used 6712K, committed 6912K, reserved 1114112K
  class space    used 713K, committed 832K, reserved 1048576K

Heap Regions: E=young(eden), S=young(survivor), O=old, HS=humongous(starts), HC=humongous(continues), CS=collection set, F=free, OA=open archive, CA=closed archive, TAMS=top-at-mark-start (previous, next)
|   0|0x0000000084e00000, 0x0000000084f00000, 0x0000000084f00000|100%|HS|  |TAMS 0x0000000084e00000, 0x0000000084e00000| Complete 
|   1|0x0000000084f00000, 0x0000000085000000, 0x0000000085000000|100%|HS|  |TAMS 0x0000000084f00000, 0x0000000084f00000| Complete 
|   2|0x0000000085000000, 0x0000000085100000, 0x0000000085100000|100%|HC|  |TAMS 0x0000000085000000, 0x0000000085000000| Complete 
|   3|0x0000000085100000, 0x0000000085200000, 0x0000000085200000|100%|HC|  |TAMS 0x0000000085100000, 0x0000000085100000| Complete 
|   4|0x0000000085200000, 0x0000000085300000, 0x0000000085300000|100%|HC|  |TAMS 0x0000000085200000, 0x0000000085200000| Complete 
|   5|0x0000000085300000, 0x0000000085400000, 0x0000000085400000|100%|HC|  |TAMS 0x0000000085300000, 0x0000000085300000| Complete 
|   6|0x0000000085400000, 0x0000000085500000, 0x0000000085500000|100%|HS|  |TAMS 0x0000000085400000, 0x0000000085400000| Complete 
|   7|0x0000000085500000, 0x0000000085600000, 0x0000000085600000|100%|HC|  |TAMS 0x0000000085500000, 0x0000000085500000| Complete 
|   8|0x0000000085600000, 0x0000000085700000, 0x0000000085700000|100%|HC|  |TAMS 0x0000000085600000, 0x0000000085600000| Complete 
|   9|0x0000000085700000, 0x0000000085800000, 0x0000000085800000|100%|HC|  |TAMS 0x0000000085700000, 0x0000000085700000| Complete 
|  10|0x0000000085800000, 0x0000000085900000, 0x0000000085900000|100%|HC|  |TAMS 0x0000000085800000, 0x0000000085800000| Complete 
|  11|0x0000000085900000, 0x0000000085a00000, 0x0000000085a00000|100%|HC|  |TAMS 0x0000000085900000, 0x0000000085900000| Complete 
|  12|0x0000000085a00000, 0x0000000085b00000, 0x0000000085b00000|100%|HC|  |TAMS 0x0000000085a00000, 0x0000000085a00000| Complete 
|  13|0x0000000085b00000, 0x0000000085c00000, 0x0000000085c00000|100%|HC|  |TAMS 0x0000000085b00000, 0x0000000085b00000| Complete 
|  14|0x0000000085c00000, 0x0000000085c00000, 0x0000000085d00000|  0%| F|  |TAMS 0x0000000085c00000, 0x0000000085c00000| Untracked 
|  15|0x0000000085d00000, 0x0000000085d00000, 0x0000000085e00000|  0%| F|  |TAMS 0x0000000085d00000, 0x0000000085d00000| Untracked 
|  16|0x0000000085e00000, 0x0000000085e00000, 0x0000000085f00000|  0%| F|  |TAMS 0x0000000085e00000, 0x0000000085e00000| Untracked 
|  17|0x0000000085f00000, 0x0000000085f00000, 0x0000000086000000|  0%| F|  |TAMS 0x0000000085f00000, 0x0000000085f00000| Untracked 
|  18|0x0000000086000000, 0x0000000086000000, 0x0000000086100000|  0%| F|  |TAMS 0x0000000086000000, 0x0000000086000000| Untracked 
|  19|0x0000000086100000, 0x0000000086100000, 0x0000000086200000|  0%| F|  |TAMS 0x0000000086100000, 0x0000000086100000| Untracked 
|  20|0x0000000086200000, 0x0000000086200000, 0x0000000086300000|  0%| F|  |TAMS 0x0000000086200000, 0x0000000086200000| Untracked 
|  21|0x0000000086300000, 0x0000000086300000, 0x0000000086400000|  0%| F|  |TAMS 0x0000000086300000, 0x0000000086300000| Untracked 
|  22|0x0000000086400000, 0x0000000086400000, 0x0000000086500000|  0%| F|  |TAMS 0x0000000086400000, 0x0000000086400000| Untracked 
|  23|0x0000000086500000, 0x0000000086500000, 0x0000000086600000|  0%| F|  |TAMS 0x0000000086500000, 0x0000000086500000| Untracked 
|  24|0x0000000086600000, 0x0000000086600000, 0x0000000086700000|  0%| F|  |TAMS 0x0000000086600000, 0x0000000086600000| Untracked 
|  25|0x0000000086700000, 0x0000000086700000, 0x0000000086800000|  0%| F|  |TAMS 0x0000000086700000, 0x0000000086700000| Untracked 
|  26|0x0000000086800000, 0x0000000086800000, 0x0000000086900000|  0%| F|  |TAMS 0x0000000086800000, 0x0000000086800000| Untracked 
|  27|0x0000000086900000, 0x0000000086900000, 0x0000000086a00000|  0%| F|  |TAMS 0x0000000086900000, 0x0000000086900000| Untracked 
|  28|0x0000000086a00000, 0x0000000086a00000, 0x0000000086b00000|  0%| F|  |TAMS 0x0000000086a00000, 0x0000000086a00000| Untracked 
|  29|0x0000000086b00000, 0x0000000086b00000, 0x0000000086c00000|  0%| F|  |TAMS 0x0000000086b00000, 0x0000000086b00000| Untracked 
|  30|0x0000000086c00000, 0x0000000086c00000, 0x0000000086d00000|  0%| F|  |TAMS 0x0000000086c00000, 0x0000000086c00000| Untracked 
|  31|0x0000000086d00000, 0x0000000086d00000, 0x0000000086e00000|  0%| F|  |TAMS 0x0000000086d00000, 0x0000000086d00000| Untracked 
|  32|0x0000000086e00000, 0x0000000086e00000, 0x0000000086f00000|  0%| F|  |TAMS 0x0000000086e00000, 0x0000000086e00000| Untracked 
|  33|0x0000000086f00000, 0x0000000086f00000, 0x0000000087000000|  0%| F|  |TAMS 0x0000000086f00000, 0x0000000086f00000| Untracked 
|  34|0x0000000087000000, 0x0000000087000000, 0x0000000087100000|  0%| F|  |TAMS 0x0000000087000000, 0x0000000087000000| Untracked 
|  35|0x0000000087100000, 0x0000000087100000, 0x0000000087200000|  0%| F|  |TAMS 0x0000000087100000, 0x0000000087100000| Untracked 
|  36|0x0000000087200000, 0x0000000087200000, 0x0000000087300000|  0%| F|  |TAMS 0x0000000087200000, 0x0000000087200000| Untracked 
|  37|0x0000000087300000, 0x0000000087300000, 0x0000000087400000|  0%| F|  |TAMS 0x0000000087300000, 0x0000000087300000| Untracked 
|  38|0x0000000087400000, 0x0000000087400000, 0x0000000087500000|  0%| F|  |TAMS 0x0000000087400000, 0x0000000087400000| Untracked 
|  39|0x0000000087500000, 0x0000000087500000, 0x0000000087600000|  0%| F|  |TAMS 0x0000000087500000, 0x0000000087500000| Untracked 
|  40|0x0000000087600000, 0x0000000087600000, 0x0000000087700000|  0%| F|  |TAMS 0x0000000087600000, 0x0000000087600000| Untracked 
|  41|0x0000000087700000, 0x0000000087700000, 0x0000000087800000|  0%| F|  |TAMS 0x0000000087700000, 0x0000000087700000| Untracked 
|  42|0x0000000087800000, 0x0000000087800000, 0x0000000087900000|  0%| F|  |TAMS 0x0000000087800000, 0x0000000087800000| Untracked 
|  43|0x0000000087900000, 0x0000000087900000, 0x0000000087a00000|  0%| F|  |TAMS 0x0000000087900000, 0x0000000087900000| Untracked 
|  44|0x0000000087a00000, 0x0000000087a00000, 0x0000000087b00000|  0%| F|  |TAMS 0x0000000087a00000, 0x0000000087a00000| Untracked 
|  45|0x0000000087b00000, 0x0000000087b00000, 0x0000000087c00000|  0%| F|  |TAMS 0x0000000087b00000, 0x0000000087b00000| Untracked 
|  46|0x0000000087c00000, 0x0000000087c00000, 0x0000000087d00000|  0%| F|  |TAMS 0x0000000087c00000, 0x0000000087c00000| Untracked 
|  47|0x0000000087d00000, 0x0000000087d00000, 0x0000000087e00000|  0%| F|  |TAMS 0x0000000087d00000, 0x0000000087d00000| Untracked 
|  48|0x0000000087e00000, 0x0000000087e00000, 0x0000000087f00000|  0%| F|  |TAMS 0x0000000087e00000, 0x0000000087e00000| Untracked 
|  49|0x0000000087f00000, 0x0000000087f00000, 0x0000000088000000|  0%| F|  |TAMS 0x0000000087f00000, 0x0000000087f00000| Untracked 
|  50|0x0000000088000000, 0x0000000088000000, 0x0000000088100000|  0%| F|  |TAMS 0x0000000088000000, 0x0000000088000000| Untracked 
|  51|0x0000000088100000, 0x0000000088100000, 0x0000000088200000|  0%| F|  |TAMS 0x0000000088100000, 0x0000000088100000| Untracked 
|  52|0x0000000088200000, 0x0000000088200000, 0x0000000088300000|  0%| F|  |TAMS 0x0000000088200000, 0x0000000088200000| Untracked 
|  53|0x0000000088300000, 0x0000000088300000, 0x0000000088400000|  0%| F|  |TAMS 0x0000000088300000, 0x0000000088300000| Untracked 
|  54|0x0000000088400000, 0x0000000088400000, 0x0000000088500000|  0%| F|  |TAMS 0x0000000088400000, 0x0000000088400000| Untracked 
|  55|0x0000000088500000, 0x0000000088500000, 0x0000000088600000|  0%| F|  |TAMS 0x0000000088500000, 0x0000000088500000| Untracked 
|  56|0x0000000088600000, 0x0000000088600000, 0x0000000088700000|  0%| F|  |TAMS 0x0000000088600000, 0x0000000088600000| Untracked 
|  57|0x0000000088700000, 0x0000000088700000, 0x0000000088800000|  0%| F|  |TAMS 0x0000000088700000, 0x0000000088700000| Untracked 
|  58|0x0000000088800000, 0x0000000088800000, 0x0000000088900000|  0%| F|  |TAMS 0x0000000088800000, 0x0000000088800000| Untracked 
|  59|0x0000000088900000, 0x0000000088900000, 0x0000000088a00000|  0%| F|  |TAMS 0x0000000088900000, 0x0000000088900000| Untracked 
|  60|0x0000000088a00000, 0x0000000088a00000, 0x0000000088b00000|  0%| F|  |TAMS 0x0000000088a00000, 0x0000000088a00000| Untracked 
|  61|0x0000000088b00000, 0x0000000088b00000, 0x0000000088c00000|  0%| F|  |TAMS 0x0000000088b00000, 0x0000000088b00000| Untracked 
|  62|0x0000000088c00000, 0x0000000088c00000, 0x0000000088d00000|  0%| F|  |TAMS 0x0000000088c00000, 0x0000000088c00000| Untracked 
|  63|0x0000000088d00000, 0x0000000088d00000, 0x0000000088e00000|  0%| F|  |TAMS 0x0000000088d00000, 0x0000000088d00000| Untracked 
|  64|0x0000000088e00000, 0x0000000088e00000, 0x0000000088f00000|  0%| F|  |TAMS 0x0000000088e00000, 0x0000000088e00000| Untracked 
|  65|0x0000000088f00000, 0x0000000088f00000, 0x0000000089000000|  0%| F|  |TAMS 0x0000000088f00000, 0x0000000088f00000| Untracked 
|  66|0x0000000089000000, 0x0000000089000000, 0x0000000089100000|  0%| F|  |TAMS 0x0000000089000000, 0x0000000089000000| Untracked 
|  67|0x0000000089100000, 0x0000000089100000, 0x0000000089200000|  0%| F|  |TAMS 0x0000000089100000, 0x0000000089100000| Untracked 
|  68|0x0000000089200000, 0x0000000089200000, 0x0000000089300000|  0%| F|  |TAMS 0x0000000089200000, 0x0000000089200000| Untracked 
|  69|0x0000000089300000, 0x0000000089300000, 0x0000000089400000|  0%| F|  |TAMS 0x0000000089300000, 0x0000000089300000| Untracked 
|  70|0x0000000089400000, 0x0000000089400000, 0x0000000089500000|  0%| F|  |TAMS 0x0000000089400000, 0x0000000089400000| Untracked 
|  71|0x0000000089500000, 0x0000000089500000, 0x0000000089600000|  0%| F|  |TAMS 0x0000000089500000, 0x0000000089500000| Untracked 
|  72|0x0000000089600000, 0x0000000089600000, 0x0000000089700000|  0%| F|  |TAMS 0x0000000089600000, 0x0000000089600000| Untracked 
|  73|0x0000000089700000, 0x0000000089700000, 0x0000000089800000|  0%| F|  |TAMS 0x0000000089700000, 0x0000000089700000| Untracked 
|  74|0x0000000089800000, 0x0000000089800000, 0x0000000089900000|  0%| F|  |TAMS 0x0000000089800000, 0x0000000089800000| Untracked 
|  75|0x0000000089900000, 0x0000000089900000, 0x0000000089a00000|  0%| F|  |TAMS 0x0000000089900000, 0x0000000089900000| Untracked 
|  76|0x0000000089a00000, 0x0000000089a00000, 0x0000000089b00000|  0%| F|  |TAMS 0x0000000089a00000, 0x0000000089a00000| Untracked 
|  77|0x0000000089b00000, 0x0000000089b00000, 0x0000000089c00000|  0%| F|  |TAMS 0x0000000089b00000, 0x0000000089b00000| Untracked 
|  78|0x0000000089c00000, 0x0000000089c00000, 0x0000000089d00000|  0%| F|  |TAMS 0x0000000089c00000, 0x0000000089c00000| Untracked 
|  79|0x0000000089d00000, 0x0000000089d00000, 0x0000000089e00000|  0%| F|  |TAMS 0x0000000089d00000, 0x0000000089d00000| Untracked 
|  80|0x0000000089e00000, 0x0000000089e00000, 0x0000000089f00000|  0%| F|  |TAMS 0x0000000089e00000, 0x0000000089e00000| Untracked 
|  81|0x0000000089f00000, 0x0000000089f00000, 0x000000008a000000|  0%| F|  |TAMS 0x0000000089f00000, 0x0000000089f00000| Untracked 
|  82|0x000000008a000000, 0x000000008a000000, 0x000000008a100000|  0%| F|  |TAMS 0x000000008a000000, 0x000000008a000000| Untracked 
|  83|0x000000008a100000, 0x000000008a100000, 0x000000008a200000|  0%| F|  |TAMS 0x000000008a100000, 0x000000008a100000| Untracked 
|  84|0x000000008a200000, 0x000000008a200000, 0x000000008a300000|  0%| F|  |TAMS 0x000000008a200000, 0x000000008a200000| Untracked 
|  85|0x000000008a300000, 0x000000008a300000, 0x000000008a400000|  0%| F|  |TAMS 0x000000008a300000, 0x000000008a300000| Untracked 
|  86|0x000000008a400000, 0x000000008a400000, 0x000000008a500000|  0%| F|  |TAMS 0x000000008a400000, 0x000000008a400000| Untracked 
|  87|0x000000008a500000, 0x000000008a500000, 0x000000008a600000|  0%| F|  |TAMS 0x000000008a500000, 0x000000008a500000| Untracked 
|  88|0x000000008a600000, 0x000000008a600000, 0x000000008a700000|  0%| F|  |TAMS 0x000000008a600000, 0x000000008a600000| Untracked 
|  89|0x000000008a700000, 0x000000008a700000, 0x000000008a800000|  0%| F|  |TAMS 0x000000008a700000, 0x000000008a700000| Untracked 
|  90|0x000000008a800000, 0x000000008a800000, 0x000000008a900000|  0%| F|  |TAMS 0x000000008a800000, 0x000000008a800000| Untracked 
|  91|0x000000008a900000, 0x000000008a900000, 0x000000008aa00000|  0%| F|  |TAMS 0x000000008a900000, 0x000000008a900000| Untracked 
|  92|0x000000008aa00000, 0x000000008aa00000, 0x000000008ab00000|  0%| F|  |TAMS 0x000000008aa00000, 0x000000008aa00000| Untracked 
|  93|0x000000008ab00000, 0x000000008ab00000, 0x000000008ac00000|  0%| F|  |TAMS 0x000000008ab00000, 0x000000008ab00000| Untracked 
|  94|0x000000008ac00000, 0x000000008ac00000, 0x000000008ad00000|  0%| F|  |TAMS 0x000000008ac00000, 0x000000008ac00000| Untracked 
|  95|0x000000008ad00000, 0x000000008ad00000, 0x000000008ae00000|  0%| F|  |TAMS 0x000000008ad00000, 0x000000008ad00000| Untracked 
|  96|0x000000008ae00000, 0x000000008ae00000, 0x000000008af00000|  0%| F|  |TAMS 0x000000008ae00000, 0x000000008ae00000| Untracked 
|  97|0x000000008af00000, 0x000000008af00000, 0x000000008b000000|  0%| F|  |TAMS 0x000000008af00000, 0x000000008af00000| Untracked 
|  98|0x000000008b000000, 0x000000008b000000, 0x000000008b100000|  0%| F|  |TAMS 0x000000008b000000, 0x000000008b000000| Untracked 
|  99|0x000000008b100000, 0x000000008b100000, 0x000000008b200000|  0%| F|  |TAMS 0x000000008b100000, 0x000000008b100000| Untracked 
| 100|0x000000008b200000, 0x000000008b200000, 0x000000008b300000|  0%| F|  |TAMS 0x000000008b200000, 0x000000008b200000| Untracked 
| 101|0x000000008b300000, 0x000000008b300000, 0x000000008b400000|  0%| F|  |TAMS 0x000000008b300000, 0x000000008b300000| Untracked 
| 102|0x000000008b400000, 0x000000008b400000, 0x000000008b500000|  0%| F|  |TAMS 0x000000008b400000, 0x000000008b400000| Untracked 
| 103|0x000000008b500000, 0x000000008b500000, 0x000000008b600000|  0%| F|  |TAMS 0x000000008b500000, 0x000000008b500000| Untracked 
| 104|0x000000008b600000, 0x000000008b600000, 0x000000008b700000|  0%| F|  |TAMS 0x000000008b600000, 0x000000008b600000| Untracked 
| 105|0x000000008b700000, 0x000000008b700000, 0x000000008b800000|  0%| F|  |TAMS 0x000000008b700000, 0x000000008b700000| Untracked 
| 106|0x000000008b800000, 0x000000008b800000, 0x000000008b900000|  0%| F|  |TAMS 0x000000008b800000, 0x000000008b800000| Untracked 
| 107|0x000000008b900000, 0x000000008b900000, 0x000000008ba00000|  0%| F|  |TAMS 0x000000008b900000, 0x000000008b900000| Untracked 
| 108|0x000000008ba00000, 0x000000008ba00000, 0x000000008bb00000|  0%| F|  |TAMS 0x000000008ba00000, 0x000000008ba00000| Untracked 
| 109|0x000000008bb00000, 0x000000008bb00000, 0x000000008bc00000|  0%| F|  |TAMS 0x000000008bb00000, 0x000000008bb00000| Untracked 
| 110|0x000000008bc00000, 0x000000008bd00000, 0x000000008bd00000|100%| E|  |TAMS 0x000000008bc00000, 0x000000008bc00000| Complete 
| 111|0x000000008bd00000, 0x000000008be00000, 0x000000008be00000|100%| E|CS|TAMS 0x000000008bd00000, 0x000000008bd00000| Complete 
| 112|0x000000008be00000, 0x000000008bf00000, 0x000000008bf00000|100%| E|CS|TAMS 0x000000008be00000, 0x000000008be00000| Complete 
| 113|0x000000008bf00000, 0x000000008c000000, 0x000000008c000000|100%| E|CS|TAMS 0x000000008bf00000, 0x000000008bf00000| Complete 
| 114|0x000000008c000000, 0x000000008c100000, 0x000000008c100000|100%| E|CS|TAMS 0x000000008c000000, 0x000000008c000000| Complete 
| 115|0x000000008c100000, 0x000000008c200000, 0x000000008c200000|100%| E|CS|TAMS 0x000000008c100000, 0x000000008c100000| Complete 
| 116|0x000000008c200000, 0x000000008c300000, 0x000000008c300000|100%| E|CS|TAMS 0x000000008c200000, 0x000000008c200000| Complete 
| 117|0x000000008c300000, 0x000000008c400000, 0x000000008c400000|100%| E|CS|TAMS 0x000000008c300000, 0x000000008c300000| Complete 
| 118|0x000000008c400000, 0x000000008c500000, 0x000000008c500000|100%| E|CS|TAMS 0x000000008c400000, 0x000000008c400000| Complete 
| 119|0x000000008c500000, 0x000000008c600000, 0x000000008c600000|100%| E|CS|TAMS 0x000000008c500000, 0x000000008c500000| Complete 
| 120|0x000000008c600000, 0x000000008c700000, 0x000000008c700000|100%| E|CS|TAMS 0x000000008c600000, 0x000000008c600000| Complete 
| 121|0x000000008c700000, 0x000000008c800000, 0x000000008c800000|100%| E|CS|TAMS 0x000000008c700000, 0x000000008c700000| Complete 
| 122|0x000000008c800000, 0x000000008c900000, 0x000000008c900000|100%| E|CS|TAMS 0x000000008c800000, 0x000000008c800000| Complete 
| 123|0x000000008c900000, 0x000000008ca00000, 0x000000008ca00000|100%| E|CS|TAMS 0x000000008c900000, 0x000000008c900000| Complete 

Card table byte_map: [0x0000022067710000,0x0000022067af0000] _byte_map_base: 0x00000220672e9000

Marking Bits (Prev, Next): (CMBitMap*) 0x0000022050595310, (CMBitMap*) 0x0000022050595350
 Prev Bits: [0x0000022067ed0000, 0x0000022069d98000)
 Next Bits: [0x0000022069da0000, 0x000002206bc68000)

Polling page: 0x000002204e470000

Metaspace:

Usage:
  Non-class:      5.86 MB used.
      Class:    713.48 KB used.
       Both:      6.56 MB used.

Virtual space:
  Non-class space:       64.00 MB reserved,       5.94 MB (  9%) committed,  1 nodes.
      Class space:        1.00 GB reserved,     832.00 KB ( <1%) committed,  1 nodes.
             Both:        1.06 GB reserved,       6.75 MB ( <1%) committed. 

Chunk freelists:
   Non-Class:  10.01 MB
       Class:  15.24 MB
        Both:  25.25 MB

MaxMetaspaceSize: unlimited
CompressedClassSpaceSize: 1.00 GB
Initial GC threshold: 21.00 MB
Current GC threshold: 21.00 MB
CDS: on
MetaspaceReclaimPolicy: balanced
 - commit_granule_bytes: 65536.
 - commit_granule_words: 8192.
 - virtual_space_node_default_size: 8388608.
 - enlarge_chunks_in_place: 1.
 - new_chunks_are_fully_committed: 0.
 - uncommit_free_chunks: 1.
 - use_allocation_guard: 0.
 - handle_deallocations: 1.


Internal statistics:

num_allocs_failed_limit: 0.
num_arena_births: 118.
num_arena_deaths: 0.
num_vsnodes_births: 2.
num_vsnodes_deaths: 0.
num_space_committed: 108.
num_space_uncommitted: 0.
num_chunks_returned_to_freelist: 0.
num_chunks_taken_from_freelist: 164.
num_chunk_merges: 0.
num_chunk_splits: 88.
num_chunks_enlarged: 21.
num_inconsistent_stats: 0.

CodeHeap 'non-profiled nmethods': size=120000Kb used=260Kb max_used=260Kb free=119739Kb
 bounds [0x000002205f8b0000, 0x000002205fb20000, 0x0000022066de0000]
CodeHeap 'profiled nmethods': size=120000Kb used=1465Kb max_used=1465Kb free=118535Kb
 bounds [0x0000022057de0000, 0x0000022058050000, 0x000002205f310000]
CodeHeap 'non-nmethods': size=5760Kb used=1258Kb max_used=1273Kb free=4501Kb
 bounds [0x000002205f310000, 0x000002205f580000, 0x000002205f8b0000]
 total_blobs=1513 nmethods=935 adapters=491
 compilation: enabled
              stopped_count=0, restarted_count=0
 full_count=0

Compilation events (20 events):
Event: 3.768 Thread 0x000002206e8a0860 nmethod 926 0x0000022057f47d90 code [0x0000022057f47f40, 0x0000022057f481d8]
Event: 3.773 Thread 0x000002206e8a0860  927   !   3       sun.awt.AWTAutoShutdown::notifyThreadBusy (88 bytes)
Event: 3.773 Thread 0x000002206e8a0860 nmethod 927 0x0000022057f48310 code [0x0000022057f48500, 0x0000022057f48a78]
Event: 3.780 Thread 0x000002206e8a0860  928       3       jdk.internal.misc.Unsafe::getAndBitwiseAndInt (27 bytes)
Event: 3.780 Thread 0x000002206e8a0860 nmethod 928 0x0000022057f48d90 code [0x0000022057f48f40, 0x0000022057f49188]
Event: 3.780 Thread 0x000002206e8a0860  929       3       java.util.concurrent.locks.AbstractQueuedSynchronizer$ConditionObject::canReacquire (28 bytes)
Event: 3.780 Thread 0x000002206e8a0860 nmethod 929 0x0000022057f49290 code [0x0000022057f49440, 0x0000022057f49798]
Event: 3.780 Thread 0x000002206e8a0860  930       3       java.util.concurrent.locks.LockSupport::setCurrentBlocker (14 bytes)
Event: 3.780 Thread 0x000002206e8a0860 nmethod 930 0x0000022057f49910 code [0x0000022057f49ac0, 0x0000022057f49ce8]
Event: 3.890 Thread 0x000002206e8a0860  931       3       java.awt.EventQueue::uncacheEQItem (53 bytes)
Event: 3.891 Thread 0x000002206e8a0860 nmethod 931 0x0000022057f49d90 code [0x0000022057f49f80, 0x0000022057f4a688]
Event: 3.924 Thread 0x000002206e8a0860  932       3       java.util.concurrent.locks.AbstractQueuedSynchronizer$Node::getAndUnsetStatus (14 bytes)
Event: 3.925 Thread 0x000002206e8a0860 nmethod 932 0x0000022057f4a810 code [0x0000022057f4a9c0, 0x0000022057f4acc8]
Event: 4.529 Thread 0x000002206e8a0860  933       3       java.awt.EventQueue::getPriority (78 bytes)
Event: 4.530 Thread 0x000002206e8a0860 nmethod 933 0x0000022057f4ae10 code [0x0000022057f4afe0, 0x0000022057f4b658]
Event: 4.530 Thread 0x000002206e8a0860  934       3       java.awt.EventQueue::postEvent (172 bytes)
Event: 4.531 Thread 0x000002206e8a0860 nmethod 934 0x0000022057f4b790 code [0x0000022057f4bac0, 0x0000022057f4ced8]
Event: 5.761 Thread 0x000002206e8a0860  935       3       java.awt.EventQueue::getAccessControlContextFrom (53 bytes)
Event: 5.761 Thread 0x000002206e8a0860 nmethod 935 0x0000022057f4d510 code [0x0000022057f4d740, 0x0000022057f4e208]
Event: 5.761 Thread 0x000002206e8a0860  938   !   3       java.awt.EventDispatchThread::filterAndCheckEvent (108 bytes)

GC Heap History (0 events):
No events

Deoptimization events (20 events):
Event: 0.199 Thread 0x000002205053a930 Uncommon trap: trap_request=0xffffff45 fr.pc=0x000002205f8be3f8 relative=0x0000000000000898
Event: 0.199 Thread 0x000002205053a930 Uncommon trap: reason=unstable_if action=reinterpret pc=0x000002205f8be3f8 method=java.util.HashMap.putVal(ILjava/lang/Object;Ljava/lang/Object;ZZ)Ljava/lang/Object; @ 81 c2
Event: 0.199 Thread 0x000002205053a930 DEOPT PACKING pc=0x000002205f8be3f8 sp=0x00000087836fe360
Event: 0.199 Thread 0x000002205053a930 DEOPT UNPACKING pc=0x000002205f3623a3 sp=0x00000087836fe300 mode 2
Event: 0.294 Thread 0x000002205053a930 Uncommon trap: trap_request=0xffffff45 fr.pc=0x000002205f8d9140 relative=0x0000000000000340
Event: 0.294 Thread 0x000002205053a930 Uncommon trap: reason=unstable_if action=reinterpret pc=0x000002205f8d9140 method=java.lang.StringUTF16.compress([CI[BII)I @ 20 c2
Event: 0.294 Thread 0x000002205053a930 DEOPT PACKING pc=0x000002205f8d9140 sp=0x00000087836fd200
Event: 0.294 Thread 0x000002205053a930 DEOPT UNPACKING pc=0x000002205f3623a3 sp=0x00000087836fd180 mode 2
Event: 0.368 Thread 0x000002207391c570 Uncommon trap: trap_request=0xffffffde fr.pc=0x000002205f8e6dd8 relative=0x0000000000000398
Event: 0.368 Thread 0x000002207391c570 Uncommon trap: reason=class_check action=maybe_recompile pc=0x000002205f8e6dd8 method=java.util.HashMap.getNode(Ljava/lang/Object;)Ljava/util/HashMap$Node; @ 63 c2
Event: 0.368 Thread 0x000002207391c570 DEOPT PACKING pc=0x000002205f8e6dd8 sp=0x0000008784dfd740
Event: 0.368 Thread 0x000002207391c570 DEOPT UNPACKING pc=0x000002205f3623a3 sp=0x0000008784dfd6b8 mode 2
Event: 0.376 Thread 0x000002207391c570 Uncommon trap: trap_request=0xffffffde fr.pc=0x000002205f8e6dd8 relative=0x0000000000000398
Event: 0.376 Thread 0x000002207391c570 Uncommon trap: reason=class_check action=maybe_recompile pc=0x000002205f8e6dd8 method=java.util.HashMap.getNode(Ljava/lang/Object;)Ljava/util/HashMap$Node; @ 63 c2
Event: 0.376 Thread 0x000002207391c570 DEOPT PACKING pc=0x000002205f8e6dd8 sp=0x0000008784dfd740
Event: 0.377 Thread 0x000002207391c570 DEOPT UNPACKING pc=0x000002205f3623a3 sp=0x0000008784dfd6b8 mode 2
Event: 0.380 Thread 0x000002207391c570 Uncommon trap: trap_request=0xffffffde fr.pc=0x000002205f8e6dd8 relative=0x0000000000000398
Event: 0.380 Thread 0x000002207391c570 Uncommon trap: reason=class_check action=maybe_recompile pc=0x000002205f8e6dd8 method=java.util.HashMap.getNode(Ljava/lang/Object;)Ljava/util/HashMap$Node; @ 63 c2
Event: 0.380 Thread 0x000002207391c570 DEOPT PACKING pc=0x000002205f8e6dd8 sp=0x0000008784dfd930
Event: 0.380 Thread 0x000002207391c570 DEOPT UNPACKING pc=0x000002205f3623a3 sp=0x0000008784dfd8a8 mode 2

Classes unloaded (0 events):
No events

Classes redefined (0 events):
No events

Internal exceptions (17 events):
Event: 0.124 Thread 0x000002205053a930 Exception <a 'sun/nio/fs/WindowsException'{0x000000008c840718}> (0x000000008c840718) 
thrown [s\open\src\hotspot\share\prims\jni.cpp, line 516]
Event: 0.124 Thread 0x000002205053a930 Exception <a 'sun/nio/fs/WindowsException'{0x000000008c840d08}> (0x000000008c840d08) 
thrown [s\open\src\hotspot\share\prims\jni.cpp, line 516]
Event: 0.125 Thread 0x000002205053a930 Exception <a 'sun/nio/fs/WindowsException'{0x000000008c843420}> (0x000000008c843420) 
thrown [s\open\src\hotspot\share\prims\jni.cpp, line 516]
Event: 0.125 Thread 0x000002205053a930 Exception <a 'sun/nio/fs/WindowsException'{0x000000008c844030}> (0x000000008c844030) 
thrown [s\open\src\hotspot\share\prims\jni.cpp, line 516]
Event: 0.145 Thread 0x000002205053a930 Exception <a 'java/lang/ClassNotFoundException'{0x000000008c70e888}: sun/awt/resources/spi/awtProvider> (0x000000008c70e888) 
thrown [s\open\src\hotspot\share\classfile\systemDictionary.cpp, line 256]
Event: 0.157 Thread 0x000002205053a930 Exception <a 'java/io/FileNotFoundException'{0x000000008c760c70}> (0x000000008c760c70) 
thrown [s\open\src\hotspot\share\prims\jni.cpp, line 516]
Event: 0.161 Thread 0x000002205053a930 Exception <a 'java/io/FileNotFoundException'{0x000000008c78de28}> (0x000000008c78de28) 
thrown [s\open\src\hotspot\share\prims\jni.cpp, line 516]
Event: 0.182 Thread 0x000002205053a930 Exception <a 'java/lang/NoSuchMethodError'{0x000000008c7d1fe8}: 'java.lang.Object java.lang.invoke.DirectMethodHandle$Holder.invokeStaticInit(java.lang.Object)'> (0x000000008c7d1fe8) 
thrown [s\open\src\hotspot\share\interpreter\linkResolver.cpp, line 759]
Event: 0.200 Thread 0x000002205053a930 Exception <a 'java/lang/NoSuchMethodError'{0x000000008c62ff10}: 'void java.lang.invoke.DirectMethodHandle$Holder.invokeSpecial(java.lang.Object, java.lang.Object, java.lang.Object)'> (0x000000008c62ff10) 
thrown [s\open\src\hotspot\share\interpreter\linkResolver.cpp, line 759]
Event: 0.203 Thread 0x000002205053a930 Exception <a 'java/lang/NoSuchMethodError'{0x000000008c65a148}: 'java.lang.Object java.lang.invoke.DirectMethodHandle$Holder.newInvokeSpecial(java.lang.Object, java.lang.Object, java.lang.Object, java.lang.Object, java.lang.Object)'> (0x000000008c65a148) 
thrown [s\open\src\hotspot\share\interpreter\linkResolver.cpp, line 759]
Event: 0.205 Thread 0x000002205053a930 Exception <a 'java/lang/NoSuchMethodError'{0x000000008c665b10}: 'java.lang.Object java.lang.invoke.DirectMethodHandle$Holder.invokeStatic(java.lang.Object, int, java.lang.Object, java.lang.Object, java.lang.Object, java.lang.Object)'> (0x000000008c665b10) 
thrown [s\open\src\hotspot\share\interpreter\linkResolver.cpp, line 759]
Event: 0.207 Thread 0x000002205053a930 Exception <a 'java/lang/NoSuchMethodError'{0x000000008c68b540}: 'java.lang.Object java.lang.invoke.DirectMethodHandle$Holder.invokeStatic(java.lang.Object, int, java.lang.Object)'> (0x000000008c68b540) 
thrown [s\open\src\hotspot\share\interpreter\linkResolver.cpp, line 759]
Event: 0.221 Thread 0x000002205053a930 Exception <a 'java/lang/ClassNotFoundException'{0x000000008c5438d0}: com/sun/swing/internal/plaf/metal/resources/spi/metalProvider> (0x000000008c5438d0) 
thrown [s\open\src\hotspot\share\classfile\systemDictionary.cpp, line 256]
Event: 0.221 Thread 0x000002205053a930 Exception <a 'java/lang/ClassNotFoundException'{0x000000008c547728}: com/sun/swing/internal/plaf/basic/resources/spi/basicProvider> (0x000000008c547728) 
thrown [s\open\src\hotspot\share\classfile\systemDictionary.cpp, line 256]
Event: 0.250 Thread 0x000002206edc15a0 Exception <a 'java/lang/NoSuchMethodError'{0x000000008c4efb98}: 'java.lang.Object java.lang.invoke.DirectMethodHandle$Holder.newInvokeSpecial(java.lang.Object, java.lang.Object, java.lang.Object, int, int, int, int, int)'> (0x000000008c4efb98) 
thrown [s\open\src\hotspot\share\interpreter\linkResolver.cpp, line 759]
Event: 0.278 Thread 0x000002206ed44440 Exception <a 'java/lang/NoSuchMethodError'{0x000000008c7fbf40}: 'void java.lang.invoke.DirectMethodHandle$Holder.invokeVirtual(java.lang.Object, java.lang.Object)'> (0x000000008c7fbf40) 
thrown [s\open\src\hotspot\share\interpreter\linkResolver.cpp, line 759]
Event: 0.286 Thread 0x000002205053a930 Exception <a 'java/lang/NoSuchMethodError'{0x000000008bc15930}: 'void java.lang.invoke.DirectMethodHandle$Holder.invokeStaticInit(java.lang.Object)'> (0x000000008bc15930) 
thrown [s\open\src\hotspot\share\interpreter\linkResolver.cpp, line 759]

VM Operations (16 events):
Event: 0.126 Executing VM operation: HandshakeAllThreads
Event: 0.126 Executing VM operation: HandshakeAllThreads done
Event: 0.282 Executing VM operation: HandshakeAllThreads
Event: 0.282 Executing VM operation: HandshakeAllThreads done
Event: 0.298 Executing VM operation: HandshakeAllThreads
Event: 0.298 Executing VM operation: HandshakeAllThreads done
Event: 0.383 Executing VM operation: HandshakeAllThreads
Event: 0.383 Executing VM operation: HandshakeAllThreads done
Event: 1.396 Executing VM operation: Cleanup
Event: 1.396 Executing VM operation: Cleanup done
Event: 2.404 Executing VM operation: Cleanup
Event: 2.405 Executing VM operation: Cleanup done
Event: 3.407 Executing VM operation: Cleanup
Event: 3.408 Executing VM operation: Cleanup done
Event: 4.417 Executing VM operation: Cleanup
Event: 4.417 Executing VM operation: Cleanup done

Events (20 events):
Event: 0.389 loading class javax/swing/text/JTextComponent done
Event: 0.389 loading class java/awt/KeyboardFocusManager$3
Event: 0.389 loading class java/awt/KeyboardFocusManager$3 done
Event: 0.395 loading class sun/awt/im/CompositionAreaHandler
Event: 0.395 loading class java/awt/event/InputMethodListener
Event: 0.395 loading class java/awt/event/InputMethodListener done
Event: 0.395 loading class sun/awt/im/CompositionAreaHandler done
Event: 0.395 loading class java/text/AttributedString
Event: 0.395 loading class java/text/AttributedString done
Event: 0.395 loading class java/text/AttributedString$AttributedStringIterator
Event: 0.396 loading class java/text/AttributedCharacterIterator
Event: 0.396 loading class java/text/CharacterIterator
Event: 0.396 loading class java/text/CharacterIterator done
Event: 0.396 loading class java/text/AttributedCharacterIterator done
Event: 0.396 loading class java/text/AttributedString$AttributedStringIterator done
Event: 0.396 loading class java/util/concurrent/locks/AbstractQueuedSynchronizer$ConditionNode
Event: 0.396 loading class java/util/concurrent/ForkJoinPool$ManagedBlocker
Event: 0.396 loading class java/util/concurrent/ForkJoinPool$ManagedBlocker done
Event: 0.396 loading class java/util/concurrent/locks/AbstractQueuedSynchronizer$ConditionNode done
Event: 5.280 Thread 0x000002206edc15a0 Thread exited: 0x000002206edc15a0


Dynamic libraries:
0x00007ff797a20000 - 0x00007ff797a30000 	C:\Program Files\Java\jdk-17\bin\java.exe
0x00007ffe56ef0000 - 0x00007ffe57107000 	C:\WINDOWS\SYSTEM32\ntdll.dll
0x00007ffe561c0000 - 0x00007ffe56284000 	C:\WINDOWS\System32\KERNEL32.DLL
0x00007ffe54620000 - 0x00007ffe549c6000 	C:\WINDOWS\System32\KERNELBASE.dll
0x00007ffe54270000 - 0x00007ffe54381000 	C:\WINDOWS\System32\ucrtbase.dll
0x00007ffe21e60000 - 0x00007ffe21e79000 	C:\Program Files\Java\jdk-17\bin\jli.dll
0x00007ffe56910000 - 0x00007ffe569c0000 	C:\WINDOWS\System32\ADVAPI32.dll
0x00007ffe54c70000 - 0x00007ffe54d17000 	C:\WINDOWS\System32\msvcrt.dll
0x00007ffe21cc0000 - 0x00007ffe21cdb000 	C:\Program Files\Java\jdk-17\bin\VCRUNTIME140.dll
0x00007ffe55820000 - 0x00007ffe558c6000 	C:\WINDOWS\System32\sechost.dll
0x00007ffe56290000 - 0x00007ffe563a7000 	C:\WINDOWS\System32\RPCRT4.dll
0x00007ffe569c0000 - 0x00007ffe56b6d000 	C:\WINDOWS\System32\USER32.dll
0x00007ffe54c20000 - 0x00007ffe54c46000 	C:\WINDOWS\System32\win32u.dll
0x00007ffe568e0000 - 0x00007ffe56909000 	C:\WINDOWS\System32\GDI32.dll
0x00007ffe54500000 - 0x00007ffe54618000 	C:\WINDOWS\System32\gdi32full.dll
0x00007ffe42440000 - 0x00007ffe426d3000 	C:\WINDOWS\WinSxS\amd64_microsoft.windows.common-controls_6595b64144ccf1df_6.0.22621.2361_none_2712ced57382f843\COMCTL32.dll
0x00007ffe54b80000 - 0x00007ffe54c1a000 	C:\WINDOWS\System32\msvcp_win.dll
0x00007ffe3ba40000 - 0x00007ffe3ba4a000 	C:\WINDOWS\SYSTEM32\VERSION.dll
0x00007ffe563b0000 - 0x00007ffe563e1000 	C:\WINDOWS\System32\IMM32.DLL
0x00007ffe23850000 - 0x00007ffe2385c000 	C:\Program Files\Java\jdk-17\bin\vcruntime140_1.dll
0x00007ffe21bb0000 - 0x00007ffe21c3e000 	C:\Program Files\Java\jdk-17\bin\msvcp140.dll
0x00007ffe20fc0000 - 0x00007ffe21ba1000 	C:\Program Files\Java\jdk-17\bin\server\jvm.dll
0x00007ffe54d20000 - 0x00007ffe54d28000 	C:\WINDOWS\System32\PSAPI.DLL
0x00007ffe20fb0000 - 0x00007ffe20fb9000 	C:\WINDOWS\SYSTEM32\WSOCK32.dll
0x00007ffe56b70000 - 0x00007ffe56be1000 	C:\WINDOWS\System32\WS2_32.dll
0x00007ffe49a10000 - 0x00007ffe49a44000 	C:\WINDOWS\SYSTEM32\WINMM.dll
0x00007ffe53250000 - 0x00007ffe53268000 	C:\WINDOWS\SYSTEM32\kernel.appcore.dll
0x00007ffe20f30000 - 0x00007ffe20f3a000 	C:\Program Files\Java\jdk-17\bin\jimage.dll
0x00007ffe51930000 - 0x00007ffe51b5e000 	C:\WINDOWS\SYSTEM32\DBGHELP.DLL
0x00007ffe55920000 - 0x00007ffe55caa000 	C:\WINDOWS\System32\combase.dll
0x00007ffe56760000 - 0x00007ffe56837000 	C:\WINDOWS\System32\OLEAUT32.dll
0x00007ffe374a0000 - 0x00007ffe374d2000 	C:\WINDOWS\SYSTEM32\dbgcore.DLL
0x00007ffe549d0000 - 0x00007ffe54a4a000 	C:\WINDOWS\System32\bcryptPrimitives.dll
0x00007ffe20f00000 - 0x00007ffe20f25000 	C:\Program Files\Java\jdk-17\bin\java.dll
0x00007ffe20bf0000 - 0x00007ffe20cc7000 	C:\Program Files\Java\jdk-17\bin\jsvml.dll
0x00007ffe54f30000 - 0x00007ffe55788000 	C:\WINDOWS\System32\SHELL32.dll
0x00007ffe521d0000 - 0x00007ffe52ac2000 	C:\WINDOWS\SYSTEM32\windows.storage.dll
0x00007ffe52090000 - 0x00007ffe521ce000 	C:\WINDOWS\SYSTEM32\wintypes.dll
0x00007ffe54d30000 - 0x00007ffe54e23000 	C:\WINDOWS\System32\SHCORE.dll
0x00007ffe56e50000 - 0x00007ffe56eae000 	C:\WINDOWS\System32\shlwapi.dll
0x00007ffe541a0000 - 0x00007ffe541c6000 	C:\WINDOWS\SYSTEM32\profapi.dll
0x00007ffe20640000 - 0x00007ffe20659000 	C:\Program Files\Java\jdk-17\bin\net.dll
0x00007ffe4c210000 - 0x00007ffe4c347000 	C:\WINDOWS\SYSTEM32\WINHTTP.dll
0x00007ffe53730000 - 0x00007ffe53799000 	C:\WINDOWS\system32\mswsock.dll
0x00007ffe20620000 - 0x00007ffe20636000 	C:\Program Files\Java\jdk-17\bin\nio.dll
0x00007ffe20480000 - 0x00007ffe20498000 	C:\Program Files\Java\jdk-17\bin\zip.dll
0x00007ffe19bb0000 - 0x00007ffe19d41000 	C:\Program Files\Java\jdk-17\bin\awt.dll
0x00007ffe51030000 - 0x00007ffe510c7000 	C:\WINDOWS\SYSTEM32\apphelp.dll
0x00007ffe51660000 - 0x00007ffe5168b000 	C:\WINDOWS\system32\DWMAPI.DLL
0x00007ffe51320000 - 0x00007ffe513cb000 	C:\WINDOWS\system32\uxtheme.dll
0x00007ffddf990000 - 0x00007ffddfa90000 	C:\WINDOWS\system32\opengl32.dll
0x00007ffdde660000 - 0x00007ffdde68d000 	C:\WINDOWS\SYSTEM32\GLU32.dll
0x00007ffe51510000 - 0x00007ffe51546000 	C:\WINDOWS\SYSTEM32\dxcore.dll
0x00007ffe56bf0000 - 0x00007ffe56d3c000 	C:\WINDOWS\System32\MSCTF.dll
0x00007ffe563f0000 - 0x00007ffe5658f000 	C:\WINDOWS\System32\ole32.dll
0x00007ffe00230000 - 0x00007ffe0025e000 	C:\Program Files\Java\jdk-17\bin\javajpeg.dll
0x00007ffe19b20000 - 0x00007ffe19ba7000 	C:\Program Files\Java\jdk-17\bin\freetype.dll
0x00007ffe15bb0000 - 0x00007ffe15c83000 	C:\Program Files\Java\jdk-17\bin\fontmanager.dll
0x00007ffe42890000 - 0x00007ffe429da000 	C:\WINDOWS\SYSTEM32\textinputframework.dll
0x00007ffe3b190000 - 0x00007ffe3b5d5000 	C:\WINDOWS\SYSTEM32\uiautomationcore.dll
0x00007ffe11710000 - 0x00007ffe11779000 	C:\WINDOWS\SYSTEM32\OLEACC.dll
0x00007ffe56d40000 - 0x00007ffe56df0000 	C:\WINDOWS\System32\clbcatq.dll
0x00007ffe49050000 - 0x00007ffe49065000 	C:\Windows\System32\threadpoolwinrt.dll
0x00007ffe50d50000 - 0x00007ffe50e83000 	C:\WINDOWS\SYSTEM32\CoreMessaging.dll
0x00007ffe4ba60000 - 0x00007ffe4bdcc000 	C:\WINDOWS\SYSTEM32\CoreUIComponents.dll
0x00007ffe53980000 - 0x00007ffe5398c000 	C:\WINDOWS\SYSTEM32\CRYPTBASE.DLL

dbghelp: loaded successfully - version: 4.0.5 - missing functions: none
symbol engine: initialized successfully - sym options: 0x614 - pdb path: .;C:\Program Files\Java\jdk-17\bin;C:\WINDOWS\SYSTEM32;C:\WINDOWS\WinSxS\amd64_microsoft.windows.common-controls_6595b64144ccf1df_6.0.22621.2361_none_2712ced57382f843;C:\Program Files\Java\jdk-17\bin\server

VM Arguments:
jvm_args: -Dfile.encoding=UTF-8 --module-path=C:\Users\Aditi\Preparations\Project\Travel_management_system\Travel Management System\build\classes 
java_command: travel.management.system.Demo
java_class_path (initial): C:\Users\Aditi\Downloads\mysql-connector-java-8.0.28.jar;C:\Users\Aditi\Preparations\Project\Travel_management_system\Travel Management System\build\classes
Launcher Type: SUN_STANDARD

[Global flags]
     intx CICompilerCount                          = 4                                         {product} {ergonomic}
     uint ConcGCThreads                            = 3                                         {product} {ergonomic}
     uint G1ConcRefinementThreads                  = 10                                        {product} {ergonomic}
   size_t G1HeapRegionSize                         = 1048576                                   {product} {ergonomic}
    uintx GCDrainStackTargetSize                   = 64                                        {product} {ergonomic}
   size_t InitialHeapSize                          = 130023424                                 {product} {ergonomic}
   size_t MarkStackSize                            = 4194304                                   {product} {ergonomic}
   size_t MaxHeapSize                              = 2065694720                                {product} {ergonomic}
   size_t MaxNewSize                               = 1239416832                                {product} {ergonomic}
   size_t MinHeapDeltaBytes                        = 1048576                                   {product} {ergonomic}
   size_t MinHeapSize                              = 8388608                                   {product} {ergonomic}
    uintx NonNMethodCodeHeapSize                   = 5839372                                {pd product} {ergonomic}
    uintx NonProfiledCodeHeapSize                  = 122909434                              {pd product} {ergonomic}
    uintx ProfiledCodeHeapSize                     = 122909434                              {pd product} {ergonomic}
    uintx ReservedCodeCacheSize                    = 251658240                              {pd product} {ergonomic}
     bool SegmentedCodeCache                       = true                                      {product} {ergonomic}
   size_t SoftMaxHeapSize                          = 2065694720                             {manageable} {ergonomic}
     bool UseCompressedClassPointers               = true                           {product lp64_product} {ergonomic}
     bool UseCompressedOops                        = true                           {product lp64_product} {ergonomic}
     bool UseG1GC                                  = true                                      {product} {ergonomic}
     bool UseLargePagesIndividualAllocation        = false                                  {pd product} {ergonomic}

Logging:
Log output configuration:
 #0: stdout all=warning uptime,level,tags
 #1: stderr all=off uptime,level,tags

Environment Variables:
PATH=C:\Program Files\Common Files\Oracle\Java\javapath;C:\WINDOWS\system32;C:\WINDOWS;C:\WINDOWS\System32\Wbem;C:\WINDOWS\System32\WindowsPowerShell\v1.0\;C:\WINDOWS\System32\OpenSSH\;C:\Program Files\dotnet\;C:\Users\Aditi\OneDrive\Desktop;C:\Program Files\nodejs\;C:\ProgramData\chocolatey\bin;C:\Program Files\MySQL\MySQL Server 8.0\bin;search-ms:displayname=Search%20Results%20in%20Lib&crumb=location:C%3A%5CProgram%20Files%5CMySQL%5CMySQL%20Shell%208.0%5Clib%5CPython3.10%5CLib\pip;C:\Users\Aditi\AppData\Local\Programs\Python\Python311;C:\Users\Aditi\AppData\Local\Programs\Python\Python311\Lib\site-packages\pip;C:\Users\Aditi\AppData\Local\Programs\Python\Python311\Lib\site-packages;C:\Users\Aditi\AppData\Local\pip;C:\Program Files\MongoDB\Server\6.0\bin;C:\Program Files\Java\jdk-20\bin;C:\Program Files\Git\cmd;C:\Users\Aditi\AppData\Local\Programs\Python\Python310\Scripts\;C:\Users\Aditi\AppData\Local\Programs\Python\Python310\;C:\Users\Aditi\AppData\Local\Programs\Python\Launcher\;C:\Program Files\MySQL\MySQL Shell 8.0\bin\;C:\Users\Aditi\AppData\Local\Microsoft\WindowsApps;C:\Users\Aditi\AppData\Local\Programs\Microsoft VS Code\bin;C:\Users\Aditi\AppData\Roaming\npm;C:\Users\Aditi\AppData\Local\Programs\Python\Python310\Scripts;C:\Users\Aditi\AppData\Local\Programs\Python\Python310;C:\Program Files\Java\jdk-17\bin;
USERNAME=Aditi
OS=Windows_NT
PROCESSOR_IDENTIFIER=Intel64 Family 6 Model 154 Stepping 4, GenuineIntel



---------------  S Y S T E M  ---------------

OS:
 Windows 11 , 64 bit Build 22621 (10.0.22621.2428)
OS uptime: 7 days 23:25 hours

CPU: total 12 (initial active 12) (6 cores per cpu, 2 threads per core) family 6 model 154 stepping 4 microcode 0x42c, cx8, cmov, fxsr, ht, mmx, 3dnowpref, sse, sse2, sse3, ssse3, sse4.1, sse4.2, popcnt, lzcnt, tsc, tscinvbit, avx, avx2, aes, erms, clmul, bmi1, bmi2, adx, sha, fma, vzeroupper, clflush, clflushopt, clwb

Memory: 4k page, system-wide physical 7876M (293M free)
TotalPageFile size 32452M (AvailPageFile size 0M)
current process WorkingSet (physical memory assigned to process): 80M, peak: 81M
current process commit charge ("private bytes"): 220M, peak: 229M

vm_info: Java HotSpot(TM) 64-Bit Server VM (17.0.9+11-LTS-201) for windows-amd64 JRE (17.0.9+11-LTS-201), built on Oct 10 2023 23:16:06 by "mach5one" with MS VC++ 17.1 (VS2022)

END.
