#
# There is insufficient memory for the Java Runtime Environment to continue.
# Native memory allocation (mmap) failed to map 130023424 bytes for G1 virtual space
# Possible reasons:
#   The system is out of physical RAM or swap space
#   The process is running with CompressedOops enabled, and the Java Heap may be blocking the growth of the native heap
# Possible solutions:
#   Reduce memory load on the system
#   Increase physical memory or swap space
#   Check if swap backing store is full
#   Decrease Java heap size (-Xmx/-Xms)
#   Decrease number of Java threads
#   Decrease Java thread stack sizes (-Xss)
#   Set larger code cache with -XX:ReservedCodeCacheSize=
#   JVM is running with Unscaled Compressed Oops mode in which the Java heap is
#     placed in the first 4GB address space. The Java Heap base address is the
#     maximum limit for the native heap growth. Please use -XX:HeapBaseMinAddress
#     to set the Java Heap base and to place the Java Heap above 4GB virtual address.
# This output file may be truncated or incomplete.
#
#  Out of Memory Error (os_windows.cpp:3552), pid=22372, tid=4528
#
# JRE version:  (17.0.9+11) (build )
# Java VM: Java HotSpot(TM) 64-Bit Server VM (17.0.9+11-LTS-201, mixed mode, sharing, tiered, compressed oops, compressed class ptrs, g1 gc, windows-amd64)
# No core dump will be written. Minidumps are not enabled by default on client versions of Windows
#

---------------  S U M M A R Y ------------

Command Line: -Dfile.encoding=UTF-8 --module-path=C:\Users\Aditi\Preparations\Project\Travel_management_system\Travel Management System\build\classes travel.management.system.FrontPage

Host: 12th Gen Intel(R) Core(TM) i5-1235U, 12 cores, 7G,  Windows 11 , 64 bit Build 22621 (10.0.22621.2428)
Time: Fri Jan 12 16:13:47 2024 India Standard Time elapsed time: 0.015294 seconds (0d 0h 0m 0s)

---------------  T H R E A D  ---------------

Current thread (0x000002d07f9faac0):  JavaThread "Unknown thread" [_thread_in_vm, id=4528, stack(0x000000e2c2300000,0x000000e2c2400000)]

Stack: [0x000000e2c2300000,0x000000e2c2400000]
Native frames: (J=compiled Java code, j=interpreted, Vv=VM code, C=native code)
V  [jvm.dll+0x678a4a]
V  [jvm.dll+0x7d9cfd]
V  [jvm.dll+0x7db60e]
V  [jvm.dll+0x7dbc73]
V  [jvm.dll+0x245e1f]
V  [jvm.dll+0x6758f9]
V  [jvm.dll+0x66a2a2]
V  [jvm.dll+0x303686]
V  [jvm.dll+0x30ac06]
V  [jvm.dll+0x35a48e]
V  [jvm.dll+0x35a6bf]
V  [jvm.dll+0x2da678]
V  [jvm.dll+0x2db5e4]
V  [jvm.dll+0x7ab6b1]
V  [jvm.dll+0x368041]
V  [jvm.dll+0x78a749]
V  [jvm.dll+0x3ebd4f]
V  [jvm.dll+0x3ed7d1]
C  [jli.dll+0x5297]
C  [ucrtbase.dll+0x29363]
C  [KERNEL32.DLL+0x1257d]
C  [ntdll.dll+0x5aa78]


---------------  P R O C E S S  ---------------

Threads class SMR info:
_java_thread_list=0x00007ffe21a789d8, length=0, elements={
}

Java Threads: ( => current thread )

Other Threads:
  0x000002d07fa55dc0 GCTaskThread "GC Thread#0" [stack: 0x000000e2c2400000,0x000000e2c2500000] [id=30596]
  0x000002d07fa66350 ConcurrentGCThread "G1 Main Marker" [stack: 0x000000e2c2500000,0x000000e2c2600000] [id=29992]
  0x000002d07fa66d60 ConcurrentGCThread "G1 Conc#0" [stack: 0x000000e2c2600000,0x000000e2c2700000] [id=5028]

[error occurred during error reporting (printing all threads), id 0xc0000005, EXCEPTION_ACCESS_VIOLATION (0xc0000005) at pc=0x00007ffe212ab2d7]

VM state: not at safepoint (not fully initialized)

VM Mutex/Monitor currently owned by a thread:  ([mutex/lock_event])
[0x000002d07f9f7860] Heap_lock - owner thread: 0x000002d07f9faac0

Heap address: 0x0000000084e00000, size: 1970 MB, Compressed Oops mode: 32-bit

CDS archive(s) mapped at: [0x0000000000000000-0x0000000000000000-0x0000000000000000), size 0, SharedBaseAddress: 0x0000000800000000, ArchiveRelocationMode: 1.
Narrow klass base: 0x0000000000000000, Narrow klass shift: 0, Narrow klass range: 0x0

GC Precious Log:
<Empty>

Heap:
 garbage-first heap   total 0K, used 0K [0x0000000084e00000, 0x0000000100000000)
  region size 1024K, 0 young (0K), 0 survivors (0K)

[error occurred during error reporting (printing heap information), id 0xc0000005, EXCEPTION_ACCESS_VIOLATION (0xc0000005) at pc=0x00007ffe21692229]

GC Heap History (0 events):
No events

Deoptimization events (0 events):
No events

Classes unloaded (0 events):
No events

Classes redefined (0 events):
No events

Internal exceptions (0 events):
No events

VM Operations (0 events):
No events

Events (1 events):
Event: 0.010 Loaded shared library C:\Program Files\Java\jdk-17\bin\java.dll


Dynamic libraries:
0x00007ff797a20000 - 0x00007ff797a30000 	C:\Program Files\Java\jdk-17\bin\java.exe
0x00007ffe56ef0000 - 0x00007ffe57107000 	C:\WINDOWS\SYSTEM32\ntdll.dll
0x00007ffe561c0000 - 0x00007ffe56284000 	C:\WINDOWS\System32\KERNEL32.DLL
0x00007ffe54620000 - 0x00007ffe549c6000 	C:\WINDOWS\System32\KERNELBASE.dll
0x00007ffe54270000 - 0x00007ffe54381000 	C:\WINDOWS\System32\ucrtbase.dll
0x00007ffe21e60000 - 0x00007ffe21e79000 	C:\Program Files\Java\jdk-17\bin\jli.dll
0x00007ffe56910000 - 0x00007ffe569c0000 	C:\WINDOWS\System32\ADVAPI32.dll
0x00007ffe21cc0000 - 0x00007ffe21cdb000 	C:\Program Files\Java\jdk-17\bin\VCRUNTIME140.dll
0x00007ffe54c70000 - 0x00007ffe54d17000 	C:\WINDOWS\System32\msvcrt.dll
0x00007ffe55820000 - 0x00007ffe558c6000 	C:\WINDOWS\System32\sechost.dll
0x00007ffe56290000 - 0x00007ffe563a7000 	C:\WINDOWS\System32\RPCRT4.dll
0x00007ffe569c0000 - 0x00007ffe56b6d000 	C:\WINDOWS\System32\USER32.dll
0x00007ffe54c20000 - 0x00007ffe54c46000 	C:\WINDOWS\System32\win32u.dll
0x00007ffe568e0000 - 0x00007ffe56909000 	C:\WINDOWS\System32\GDI32.dll
0x00007ffe42440000 - 0x00007ffe426d3000 	C:\WINDOWS\WinSxS\amd64_microsoft.windows.common-controls_6595b64144ccf1df_6.0.22621.2361_none_2712ced57382f843\COMCTL32.dll
0x00007ffe54500000 - 0x00007ffe54618000 	C:\WINDOWS\System32\gdi32full.dll
0x00007ffe54b80000 - 0x00007ffe54c1a000 	C:\WINDOWS\System32\msvcp_win.dll
0x00007ffe3ba40000 - 0x00007ffe3ba4a000 	C:\WINDOWS\SYSTEM32\VERSION.dll
0x00007ffe563b0000 - 0x00007ffe563e1000 	C:\WINDOWS\System32\IMM32.DLL
0x00007ffe23850000 - 0x00007ffe2385c000 	C:\Program Files\Java\jdk-17\bin\vcruntime140_1.dll
0x00007ffe21bb0000 - 0x00007ffe21c3e000 	C:\Program Files\Java\jdk-17\bin\msvcp140.dll
0x00007ffe20fc0000 - 0x00007ffe21ba1000 	C:\Program Files\Java\jdk-17\bin\server\jvm.dll
0x00007ffe54d20000 - 0x00007ffe54d28000 	C:\WINDOWS\System32\PSAPI.DLL
0x00007ffe20fb0000 - 0x00007ffe20fb9000 	C:\WINDOWS\SYSTEM32\WSOCK32.dll
0x00007ffe49a10000 - 0x00007ffe49a44000 	C:\WINDOWS\SYSTEM32\WINMM.dll
0x00007ffe56b70000 - 0x00007ffe56be1000 	C:\WINDOWS\System32\WS2_32.dll
0x00007ffe53250000 - 0x00007ffe53268000 	C:\WINDOWS\SYSTEM32\kernel.appcore.dll
0x00007ffe20f30000 - 0x00007ffe20f3a000 	C:\Program Files\Java\jdk-17\bin\jimage.dll
0x00007ffe51930000 - 0x00007ffe51b5e000 	C:\WINDOWS\SYSTEM32\DBGHELP.DLL
0x00007ffe55920000 - 0x00007ffe55caa000 	C:\WINDOWS\System32\combase.dll
0x00007ffe56760000 - 0x00007ffe56837000 	C:\WINDOWS\System32\OLEAUT32.dll
0x00007ffe374a0000 - 0x00007ffe374d2000 	C:\WINDOWS\SYSTEM32\dbgcore.DLL
0x00007ffe549d0000 - 0x00007ffe54a4a000 	C:\WINDOWS\System32\bcryptPrimitives.dll
0x00007ffe20f00000 - 0x00007ffe20f25000 	C:\Program Files\Java\jdk-17\bin\java.dll

dbghelp: loaded successfully - version: 4.0.5 - missing functions: none
symbol engine: initialized successfully - sym options: 0x614 - pdb path: .;C:\Program Files\Java\jdk-17\bin;C:\WINDOWS\SYSTEM32;C:\WINDOWS\WinSxS\amd64_microsoft.windows.common-controls_6595b64144ccf1df_6.0.22621.2361_none_2712ced57382f843;C:\Program Files\Java\jdk-17\bin\server

VM Arguments:
jvm_args: -Dfile.encoding=UTF-8 --module-path=C:\Users\Aditi\Preparations\Project\Travel_management_system\Travel Management System\build\classes 
java_command: travel.management.system.FrontPage
java_class_path (initial): C:\Users\Aditi\Downloads\mysql-connector-java-8.0.28.jar;C:\Users\Aditi\Preparations\Project\Travel_management_system\Travel Management System\build\classes
Launcher Type: SUN_STANDARD

[Global flags]
     intx CICompilerCount                          = 4                                         {product} {ergonomic}
     uint ConcGCThreads                            = 3                                         {product} {ergonomic}
     uint G1ConcRefinementThreads                  = 10                                        {product} {ergonomic}
   size_t G1HeapRegionSize                         = 1048576                                   {product} {ergonomic}
    uintx GCDrainStackTargetSize                   = 64                                        {product} {ergonomic}
   size_t InitialHeapSize                          = 130023424                                 {product} {ergonomic}
   size_t MarkStackSize                            = 4194304                                   {product} {ergonomic}
   size_t MaxHeapSize                              = 2065694720                                {product} {ergonomic}
   size_t MinHeapDeltaBytes                        = 1048576                                   {product} {ergonomic}
   size_t MinHeapSize                              = 8388608                                   {product} {ergonomic}
    uintx NonNMethodCodeHeapSize                   = 5839372                                {pd product} {ergonomic}
    uintx NonProfiledCodeHeapSize                  = 122909434                              {pd product} {ergonomic}
    uintx ProfiledCodeHeapSize                     = 122909434                              {pd product} {ergonomic}
    uintx ReservedCodeCacheSize                    = 251658240                              {pd product} {ergonomic}
     bool SegmentedCodeCache                       = true                                      {product} {ergonomic}
   size_t SoftMaxHeapSize                          = 2065694720                             {manageable} {ergonomic}
     bool UseCompressedClassPointers               = true                           {product lp64_product} {ergonomic}
     bool UseCompressedOops                        = true                           {product lp64_product} {ergonomic}
     bool UseG1GC                                  = true                                      {product} {ergonomic}
     bool UseLargePagesIndividualAllocation        = false                                  {pd product} {ergonomic}

Logging:
Log output configuration:
 #0: stdout all=warning uptime,level,tags
 #1: stderr all=off uptime,level,tags

Environment Variables:
PATH=C:\Program Files\Common Files\Oracle\Java\javapath;C:\WINDOWS\system32;C:\WINDOWS;C:\WINDOWS\System32\Wbem;C:\WINDOWS\System32\WindowsPowerShell\v1.0\;C:\WINDOWS\System32\OpenSSH\;C:\Program Files\dotnet\;C:\Users\Aditi\OneDrive\Desktop;C:\Program Files\nodejs\;C:\ProgramData\chocolatey\bin;C:\Program Files\MySQL\MySQL Server 8.0\bin;search-ms:displayname=Search%20Results%20in%20Lib&crumb=location:C%3A%5CProgram%20Files%5CMySQL%5CMySQL%20Shell%208.0%5Clib%5CPython3.10%5CLib\pip;C:\Users\Aditi\AppData\Local\Programs\Python\Python311;C:\Users\Aditi\AppData\Local\Programs\Python\Python311\Lib\site-packages\pip;C:\Users\Aditi\AppData\Local\Programs\Python\Python311\Lib\site-packages;C:\Users\Aditi\AppData\Local\pip;C:\Program Files\MongoDB\Server\6.0\bin;C:\Program Files\Java\jdk-20\bin;C:\Program Files\Git\cmd;C:\Users\Aditi\AppData\Local\Programs\Python\Python310\Scripts\;C:\Users\Aditi\AppData\Local\Programs\Python\Python310\;C:\Users\Aditi\AppData\Local\Programs\Python\Launcher\;C:\Program Files\MySQL\MySQL Shell 8.0\bin\;C:\Users\Aditi\AppData\Local\Microsoft\WindowsApps;C:\Users\Aditi\AppData\Local\Programs\Microsoft VS Code\bin;C:\Users\Aditi\AppData\Roaming\npm;C:\Users\Aditi\AppData\Local\Programs\Python\Python310\Scripts;C:\Users\Aditi\AppData\Local\Programs\Python\Python310;C:\Program Files\Java\jdk-17\bin;
USERNAME=Aditi
OS=Windows_NT
PROCESSOR_IDENTIFIER=Intel64 Family 6 Model 154 Stepping 4, GenuineIntel



---------------  S Y S T E M  ---------------

OS:
 Windows 11 , 64 bit Build 22621 (10.0.22621.2428)
OS uptime: 7 days 18:37 hours

CPU: total 12 (initial active 12) (6 cores per cpu, 2 threads per core) family 6 model 154 stepping 4 microcode 0x42c, cx8, cmov, fxsr, ht, mmx, 3dnowpref, sse, sse2, sse3, ssse3, sse4.1, sse4.2, popcnt, lzcnt, tsc, tscinvbit, avx, avx2, aes, erms, clmul, bmi1, bmi2, adx, sha, fma, vzeroupper, clflush, clflushopt, clwb

Memory: 4k page, system-wide physical 7876M (431M free)
TotalPageFile size 32452M (AvailPageFile size 20M)
current process WorkingSet (physical memory assigned to process): 11M, peak: 11M
current process commit charge ("private bytes"): 64M, peak: 188M

vm_info: Java HotSpot(TM) 64-Bit Server VM (17.0.9+11-LTS-201) for windows-amd64 JRE (17.0.9+11-LTS-201), built on Oct 10 2023 23:16:06 by "mach5one" with MS VC++ 17.1 (VS2022)

END.
